<?xml version="1.0" encoding="UTF-8"?>
<!-- Generated by org.testng.reporters.JUnitXMLReporter -->
<testsuite ignored="0" hostname="User-PC" failures="1" tests="8" name="Surefire test" time="146.517" errors="0" timestamp="06 Nov 2021 13:34:10 GMT">
  <testcase classname="cucumber.api.testng.AbstractTestNGCucumberTests" name="runScenario" time="10.779"/>
  <testcase classname="cucumber.api.testng.AbstractTestNGCucumberTests" name="runScenario" time="8.151"/>
  <testcase classname="cucumber.api.testng.AbstractTestNGCucumberTests" name="runScenario" time="8.178"/>
  <testcase classname="cucumber.api.testng.AbstractTestNGCucumberTests" name="runScenario" time="8.172"/>
  <testcase classname="cucumber.api.testng.AbstractTestNGCucumberTests" name="runScenario" time="8.258"/>
  <testcase classname="cucumber.api.testng.AbstractTestNGCucumberTests" name="runScenario" time="40.632"/>
  <testcase classname="cucumber.api.testng.AbstractTestNGCucumberTests" name="runScenario" time="24.093">
    <failure type="cucumber.runtime.CucumberException" message="Step [filter by specific brand {string} and colour] is defined with 2 parameters at &amp;apos;stepdef.StepDefinitionWeb.filter_by_specific_brand_and_colour(String,String) in file:/C:/Users/User/eclipse-workspace/MoulikaDemoProject/target/test-classes/&amp;apos;.
However, the gherkin step has 1 arguments:
 * &amp;quot;Garmin&amp;quot;
Step text: filter by specific brand &amp;quot;Garmin&amp;quot; and colour">
      <![CDATA[cucumber.runtime.CucumberException: Step [filter by specific brand {string} and colour] is defined with 2 parameters at 'stepdef.StepDefinitionWeb.filter_by_specific_brand_and_colour(String,String) in file:/C:/Users/User/eclipse-workspace/MoulikaDemoProject/target/test-classes/'.
However, the gherkin step has 1 arguments:
 * "Garmin"
Step text: filter by specific brand "Garmin" and colour
at cucumber.runner.PickleStepDefinitionMatch.arityMismatch(PickleStepDefinitionMatch.java:84)
at cucumber.runner.PickleStepDefinitionMatch.runStep(PickleStepDefinitionMatch.java:36)
at cucumber.runner.TestStep.executeStep(TestStep.java:63)
at cucumber.runner.TestStep.run(TestStep.java:49)
at cucumber.runner.PickleStepTestStep.run(PickleStepTestStep.java:43)
at cucumber.runner.TestCase.run(TestCase.java:45)
at cucumber.runner.Runner.runPickle(Runner.java:40)
at cucumber.api.testng.TestNGCucumberRunner.runScenario(TestNGCucumberRunner.java:65)
at cucumber.api.testng.AbstractTestNGCucumberTests.runScenario(AbstractTestNGCucumberTests.java:22)
at java.base/java.util.concurrent.ThreadPoolExecutor.runWorker(ThreadPoolExecutor.java:1128)
at java.base/java.util.concurrent.ThreadPoolExecutor$Worker.run(ThreadPoolExecutor.java:628)
at java.base/java.lang.Thread.run(Thread.java:829)
... Removed 10 stack frames]]>
    </failure>
  </testcase> <!-- runScenario -->
  <testcase classname="cucumber.api.testng.AbstractTestNGCucumberTests" name="runScenario" time="37.526"/>
</testsuite> <!-- Surefire test -->
