<?xml version="1.0" encoding="UTF-8"?>
<!-- Generated by org.testng.reporters.JUnitReportReporter -->
<testsuite hostname="User-PC" failures="0" tests="3" name="runner.BaseRunner" time="107.977" errors="1" timestamp="06 Nov 2021 13:00:11 GMT" skipped="0">
  <testcase classname="runner.BaseRunner" name="runScenario" time="39.824"/>
  <testcase classname="runner.BaseRunner" name="runScenario" time="24.889">
    <error message="Step [filter by specific brand {string} and colour] is defined with 2 parameters at &#039;stepdef.StepDefinitionWeb.filter_by_specific_brand_and_colour(String,String) in file:/C:/Users/User/eclipse-workspace/MoulikaDemoProject/target/test-classes/&#039;.
However, the gherkin step has 1 arguments:
 * &quot;Garmin&quot;
Step text: filter by specific brand &quot;Garmin&quot; and colour" type="cucumber.runtime.CucumberException">
      <![CDATA[cucumber.runtime.CucumberException: Step [filter by specific brand {string} and colour] is defined with 2 parameters at 'stepdef.StepDefinitionWeb.filter_by_specific_brand_and_colour(String,String) in file:/C:/Users/User/eclipse-workspace/MoulikaDemoProject/target/test-classes/'.
However, the gherkin step has 1 arguments:
 * "Garmin"
Step text: filter by specific brand "Garmin" and colour
at cucumber.runner.PickleStepDefinitionMatch.arityMismatch(PickleStepDefinitionMatch.java:84)
at cucumber.runner.PickleStepDefinitionMatch.runStep(PickleStepDefinitionMatch.java:36)
at cucumber.runner.TestStep.executeStep(TestStep.java:63)
at cucumber.runner.TestStep.run(TestStep.java:49)
at cucumber.runner.PickleStepTestStep.run(PickleStepTestStep.java:43)
at cucumber.runner.TestCase.run(TestCase.java:45)
at cucumber.runner.Runner.runPickle(Runner.java:40)
at cucumber.api.testng.TestNGCucumberRunner.runScenario(TestNGCucumberRunner.java:65)
at cucumber.api.testng.AbstractTestNGCucumberTests.runScenario(AbstractTestNGCucumberTests.java:22)
at java.base/jdk.internal.reflect.NativeMethodAccessorImpl.invoke0(Native Method)
at java.base/jdk.internal.reflect.NativeMethodAccessorImpl.invoke(NativeMethodAccessorImpl.java:62)
at java.base/jdk.internal.reflect.DelegatingMethodAccessorImpl.invoke(DelegatingMethodAccessorImpl.java:43)
at java.base/java.lang.reflect.Method.invoke(Method.java:566)
at org.testng.internal.MethodInvocationHelper.invokeMethod(MethodInvocationHelper.java:124)
at org.testng.internal.Invoker.invokeMethod(Invoker.java:583)
at org.testng.internal.Invoker.invokeTestMethod(Invoker.java:719)
at org.testng.internal.Invoker.invokeTestMethods(Invoker.java:989)
at org.testng.internal.TestMethodWorker.invokeTestMethods(TestMethodWorker.java:125)
at org.testng.internal.TestMethodWorker.run(TestMethodWorker.java:109)
at java.base/java.util.concurrent.ThreadPoolExecutor.runWorker(ThreadPoolExecutor.java:1128)
at java.base/java.util.concurrent.ThreadPoolExecutor$Worker.run(ThreadPoolExecutor.java:628)
at java.base/java.lang.Thread.run(Thread.java:829)
]]>
    </error>
  </testcase> <!-- runScenario -->
  <testcase classname="runner.BaseRunner" name="runScenario" time="43.264"/>
</testsuite> <!-- runner.BaseRunner -->
